2025-11-11 04:21:59 INFO     2025-11-11 04:21:59 DebugLogin INFO: Testing login 
                             for session: vfs-fra-session-001                   
                    INFO     2025-11-11 04:21:59 DebugLogin INFO: User:         
                             ruhsomurenzed@gmail.com                            
                    INFO     2025-11-11 04:21:59 DebugLogin INFO: Starting login
                             flow...                                            
2025-11-11 04:21:59 INFO     2025-11-11 04:21:59 Browser INFO: Launching        
                             Chromium context (headless=True,                   
                             dir=.user_data/vfs-fra-session-001)                
2025-11-11 04:22:06 INFO     2025-11-11 04:22:06 VFSFlow INFO: Current URL after
                             navigation:                                        
                             https://visa.vfsglobal.com/tur/tr/fra/login        
                    INFO     2025-11-11 04:22:06 VFSFlow INFO: Checking for     
                             Cloudflare challenge...                            
                    INFO     2025-11-11 04:22:06 VFSFlow INFO: Waiting for page 
                             to fully load...                                   
                    INFO     2025-11-11 04:22:06 VFSFlow INFO: Page reached     
                             networkidle state                                  
2025-11-11 04:22:07 INFO     2025-11-11 04:22:07 VFSFlow INFO: Page HTML saved  
                             to: artifacts/vfs-fra-session-001/page-content.html
                    INFO     2025-11-11 04:22:07 VFSFlow INFO: Using manual     
                             selector-based form filling...                     
                    INFO     2025-11-11 04:22:07 VFSFlow INFO: Found 0 input    
                             elements on page                                   
                    INFO     2025-11-11 04:22:07 VFSFlow INFO: Looking for login
                             form elements...                                   
2025-11-11 04:22:37 WARNING  2025-11-11 04:22:37 VFSFlow WARNING: âœ— Login card  
                             not found: Page.wait_for_selector: Timeout 30000ms 
                             exceeded.                                          
                             Call log:                                          
                             waiting for locator("//mat-card") to be visible    
                                                                                
                    INFO     2025-11-11 04:22:37 VFSFlow INFO: Trying fallback: 
                             waiting for email input...                         
2025-11-11 04:23:07 ERROR    2025-11-11 04:23:07 VFSFlow ERROR: âœ— Email input   
                             not found with primary selector:                   
                             Page.wait_for_selector: Timeout 30000ms exceeded.  
                             Call log:                                          
                             waiting for locator("//input") to be visible       
                                                                                
                    ERROR    2025-11-11 04:23:07 VFSFlow ERROR: Current URL:    
                             https://visa.vfsglobal.com/tur/tr/fra/login        
                    INFO     2025-11-11 04:23:07 VFSFlow INFO: Trying all       
                             possible email input selectors...                  
                    INFO     2025-11-11 04:23:07 VFSFlow INFO:   Trying         
                             selector: input                                    
2025-11-11 04:23:12 INFO     2025-11-11 04:23:12 VFSFlow INFO:   âœ— Not found    
                             with: input                                        
                    INFO     2025-11-11 04:23:12 VFSFlow INFO:   Trying         
                             selector: input                                    
2025-11-11 04:23:17 INFO     2025-11-11 04:23:17 VFSFlow INFO:   âœ— Not found    
                             with: input                                        
                    INFO     2025-11-11 04:23:17 VFSFlow INFO:   Trying         
                             selector: input                                    
2025-11-11 04:23:22 INFO     2025-11-11 04:23:22 VFSFlow INFO:   âœ— Not found    
                             with: input                                        
                    INFO     2025-11-11 04:23:22 VFSFlow INFO:   Trying         
                             selector: input                                    
2025-11-11 04:23:27 INFO     2025-11-11 04:23:27 VFSFlow INFO:   âœ— Not found    
                             with: input                                        
                    INFO     2025-11-11 04:23:27 VFSFlow INFO:   Trying         
                             selector: input                                    
2025-11-11 04:23:32 INFO     2025-11-11 04:23:32 VFSFlow INFO:   âœ— Not found    
                             with: input                                        
                    ERROR    2025-11-11 04:23:32 VFSFlow ERROR: No email input  
                             found with any selector!                           
                    ERROR    2025-11-11 04:23:32 VFSFlow ERROR: This might      
                             indicate:                                          
                    ERROR    2025-11-11 04:23:32 VFSFlow ERROR:   1. Page is    
                             still loading                                      
                    ERROR    2025-11-11 04:23:32 VFSFlow ERROR:   2.            
                             Cloudflare/bot protection is blocking              
                    ERROR    2025-11-11 04:23:32 VFSFlow ERROR:   3. Site       
                             structure has changed                              
                    ERROR    2025-11-11 04:23:32 VFSFlow ERROR:   4. Already    
                             logged in but redirect failed                      
2025-11-11 04:23:32 ERROR    2025-11-11 04:23:32 DebugLogin ERROR: âŒ Login     
                             failed: No email input element found on login page 
                             â•­â”€â”€â”€â”€â”€â”€â”€ Traceback (most recent call last) â”€â”€â”€â”€â”€â”€â”€â•®
                             â”‚ /Users/mustafahudaiakgul/agentbotv1/src/agentbo â”‚
                             â”‚ t/site/vfs_fra_flow.py:277 in ensure_login      â”‚
                             â”‚                                                 â”‚
                             â”‚   274 â”‚   â”‚   â”‚   â”‚   try:                      â”‚
                             â”‚   275 â”‚   â”‚   â”‚   â”‚   â”‚   # Fallback: email inp â”‚
                             â”‚   276 â”‚   â”‚   â”‚   â”‚   â”‚   logger.info("Trying f â”‚
                             â”‚ â± 277 â”‚   â”‚   â”‚   â”‚   â”‚   await page.wait_for_s â”‚
                             â”‚       state="visible")                          â”‚
                             â”‚   278 â”‚   â”‚   â”‚   â”‚   â”‚   logger.info("âœ“ Email  â”‚
                             â”‚   279 â”‚   â”‚   â”‚   â”‚   except Exception as e2:   â”‚
                             â”‚   280 â”‚   â”‚   â”‚   â”‚   â”‚   # Son fallback: herha â”‚
                             â”‚                                                 â”‚
                             â”‚ /Users/mustafahudaiakgul/agentbotv1/.venv/lib/p â”‚
                             â”‚ ython3.12/site-packages/playwright/async_api/_g â”‚
                             â”‚ enerated.py:7999 in wait_for_selector           â”‚
                             â”‚                                                 â”‚
                             â”‚    7996 â”‚   â”‚   """                             â”‚
                             â”‚    7997 â”‚   â”‚                                   â”‚
                             â”‚    7998 â”‚   â”‚   return mapping.from_impl_nullab â”‚
                             â”‚ â±  7999 â”‚   â”‚   â”‚   await self._impl_obj.wait_f â”‚
                             â”‚    8000 â”‚   â”‚   â”‚   â”‚   selector=selector, time â”‚
                             â”‚    8001 â”‚   â”‚   â”‚   )                           â”‚
                             â”‚    8002 â”‚   â”‚   )                               â”‚
                             â”‚                                                 â”‚
                             â”‚ /Users/mustafahudaiakgul/agentbotv1/.venv/lib/p â”‚
                             â”‚ ython3.12/site-packages/playwright/_impl/_page. â”‚
                             â”‚ py:397 in wait_for_selector                     â”‚
                             â”‚                                                 â”‚
                             â”‚    394 â”‚   â”‚   state: Literal["attached", "deta â”‚
                             â”‚    395 â”‚   â”‚   strict: bool = None,             â”‚
                             â”‚    396 â”‚   ) -> Optional[ElementHandle]:        â”‚
                             â”‚ â±  397 â”‚   â”‚   return await self._main_frame.wa â”‚
                             â”‚    398 â”‚                                        â”‚
                             â”‚    399 â”‚   async def is_checked(                â”‚
                             â”‚    400 â”‚   â”‚   self, selector: str, strict: boo â”‚
                             â”‚                                                 â”‚
                             â”‚ /Users/mustafahudaiakgul/agentbotv1/.venv/lib/p â”‚
                             â”‚ ython3.12/site-packages/playwright/_impl/_frame â”‚
                             â”‚ .py:323 in wait_for_selector                    â”‚
                             â”‚                                                 â”‚
                             â”‚   320 â”‚   â”‚   state: Literal["attached", "detac â”‚
                             â”‚   321 â”‚   ) -> Optional[ElementHandle]:         â”‚
                             â”‚   322 â”‚   â”‚   return from_nullable_channel(     â”‚
                             â”‚ â± 323 â”‚   â”‚   â”‚   await self._channel.send("wai â”‚
                             â”‚   324 â”‚   â”‚   )                                 â”‚
                             â”‚   325 â”‚                                         â”‚
                             â”‚   326 â”‚   async def is_checked(                 â”‚
                             â”‚                                                 â”‚
                             â”‚ /Users/mustafahudaiakgul/agentbotv1/.venv/lib/p â”‚
                             â”‚ ython3.12/site-packages/playwright/_impl/_conne â”‚
                             â”‚ ction.py:59 in send                             â”‚
                             â”‚                                                 â”‚
                             â”‚    56 â”‚   â”‚   self.on("error", lambda exc: self â”‚
                             â”‚    57 â”‚                                         â”‚
                             â”‚    58 â”‚   async def send(self, method: str, par â”‚
                             â”‚ â±  59 â”‚   â”‚   return await self._connection.wra â”‚
                             â”‚    60 â”‚   â”‚   â”‚   lambda: self.inner_send(metho â”‚
                             â”‚    61 â”‚   â”‚   )                                 â”‚
                             â”‚    62                                           â”‚
                             â”‚                                                 â”‚
                             â”‚ /Users/mustafahudaiakgul/agentbotv1/.venv/lib/p â”‚
                             â”‚ ython3.12/site-packages/playwright/_impl/_conne â”‚
                             â”‚ ction.py:514 in wrap_api_call                   â”‚
                             â”‚                                                 â”‚
                             â”‚   511 â”‚   â”‚   try:                              â”‚
                             â”‚   512 â”‚   â”‚   â”‚   return await cb()             â”‚
                             â”‚   513 â”‚   â”‚   except Exception as error:        â”‚
                             â”‚ â± 514 â”‚   â”‚   â”‚   raise rewrite_error(error, f" â”‚
                             â”‚   515 â”‚   â”‚   finally:                          â”‚
                             â”‚   516 â”‚   â”‚   â”‚   self._api_zone.set(None)      â”‚
                             â”‚   517                                           â”‚
                             â•°â”€â”€â”€â”€â”€â”€â”€â”€â”€â”€â”€â”€â”€â”€â”€â”€â”€â”€â”€â”€â”€â”€â”€â”€â”€â”€â”€â”€â”€â”€â”€â”€â”€â”€â”€â”€â”€â”€â”€â”€â”€â”€â”€â”€â”€â”€â”€â”€â”€â•¯
                             TimeoutError: Page.wait_for_selector: Timeout      
                             30000ms exceeded.                                  
                             Call log:                                          
                             waiting for locator("//input[@id='Email' and       
                             @type='email']") to be visible                     
                                                                                
                                                                                
                             During handling of the above exception, another    
                             exception occurred:                                
                                                                                
                             â•­â”€â”€â”€â”€â”€â”€â”€ Traceback (most recent call last) â”€â”€â”€â”€â”€â”€â”€â•®
                             â”‚ /Users/mustafahudaiakgul/agentbotv1/scripts/deb â”‚
                             â”‚ ug_login.py:55 in main                          â”‚
                             â”‚                                                 â”‚
                             â”‚   52 â”‚                                          â”‚
                             â”‚   53 â”‚   try:                                   â”‚
                             â”‚   54 â”‚   â”‚   logger.info("Starting login flow.. â”‚
                             â”‚ â± 55 â”‚   â”‚   await provider.ensure_login(sessio â”‚
                             â”‚   56 â”‚   â”‚   logger.info("âœ… Login successful!" â”‚
                             â”‚   57 â”‚   â”‚                                      â”‚
                             â”‚   58 â”‚   â”‚   # Check artifacts                  â”‚
                             â”‚                                                 â”‚
                             â”‚ /Users/mustafahudaiakgul/agentbotv1/src/agentbo â”‚
                             â”‚ t/site/vfs_fra_flow.py:313 in ensure_login      â”‚
                             â”‚                                                 â”‚
                             â”‚   310 â”‚   â”‚   â”‚   â”‚   â”‚   â”‚   logger.error("  2 â”‚
                             â”‚   311 â”‚   â”‚   â”‚   â”‚   â”‚   â”‚   logger.error("  3 â”‚
                             â”‚   312 â”‚   â”‚   â”‚   â”‚   â”‚   â”‚   logger.error("  4 â”‚
                             â”‚ â± 313 â”‚   â”‚   â”‚   â”‚   â”‚   â”‚   raise Exception(" â”‚
                             â”‚   314 â”‚   â”‚   â”‚                                 â”‚
                             â”‚   315 â”‚   â”‚   â”‚   try:                          â”‚
                             â”‚   316 â”‚   â”‚   â”‚   â”‚   await page.wait_for_selec â”‚
                             â”‚       timeout=5000)                             â”‚
                             â•°â”€â”€â”€â”€â”€â”€â”€â”€â”€â”€â”€â”€â”€â”€â”€â”€â”€â”€â”€â”€â”€â”€â”€â”€â”€â”€â”€â”€â”€â”€â”€â”€â”€â”€â”€â”€â”€â”€â”€â”€â”€â”€â”€â”€â”€â”€â”€â”€â”€â•¯
                             Exception: No email input element found on login   
                             page                                               
                    ERROR    2025-11-11 04:23:32 DebugLogin ERROR:              
                             ğŸ“¸ Debug artifacts saved to:                       
                             artifacts/vfs-fra-session-001                      
                    ERROR    2025-11-11 04:23:32 DebugLogin ERROR: Check the    
                             screenshots and HTML to see what went wrong        
                    INFO     2025-11-11 04:23:32 DebugLogin INFO:               
                             Press Ctrl+C to exit...                            
